c:\users\lesbe\source\repos\proyecto-minisuper\proyecto\proyecto\x64\debug\vc143.pdb
c:\users\lesbe\source\repos\proyecto-minisuper\proyecto\proyecto\x64\debug\vc143.idb
c:\users\lesbe\source\repos\proyecto-minisuper\proyecto\proyecto\x64\debug\vista.obj
c:\users\lesbe\source\repos\proyecto-minisuper\proyecto\proyecto\x64\debug\venta.obj
c:\users\lesbe\source\repos\proyecto-minisuper\proyecto\proyecto\x64\debug\producto_perecedero.obj
c:\users\lesbe\source\repos\proyecto-minisuper\proyecto\proyecto\x64\debug\productoperecedero.obj
c:\users\lesbe\source\repos\proyecto-minisuper\proyecto\proyecto\x64\debug\producto.obj
c:\users\lesbe\source\repos\proyecto-minisuper\proyecto\proyecto\x64\debug\perecedero.obj
c:\users\lesbe\source\repos\proyecto-minisuper\proyecto\proyecto\x64\debug\fecha.obj
c:\users\lesbe\source\repos\proyecto-minisuper\proyecto\proyecto\x64\debug\empaque.obj
c:\users\lesbe\source\repos\proyecto-minisuper\proyecto\proyecto\x64\debug\embutido.obj
c:\users\lesbe\source\repos\proyecto-minisuper\proyecto\proyecto\x64\debug\decembutido.obj
c:\users\lesbe\source\repos\proyecto-minisuper\proyecto\proyecto\x64\debug\decconserva.obj
c:\users\lesbe\source\repos\proyecto-minisuper\proyecto\proyecto\x64\debug\decabarrote.obj
c:\users\lesbe\source\repos\proyecto-minisuper\proyecto\proyecto\x64\debug\conserva.obj
c:\users\lesbe\source\repos\proyecto-minisuper\proyecto\proyecto\x64\debug\cliente.obj
c:\users\lesbe\source\repos\proyecto-minisuper\proyecto\proyecto\x64\debug\categoria.obj
c:\users\lesbe\source\repos\proyecto-minisuper\proyecto\proyecto\x64\debug\carne.obj
c:\users\lesbe\source\repos\proyecto-minisuper\proyecto\proyecto\x64\debug\abarrote.obj
c:\users\lesbe\source\repos\proyecto-minisuper\proyecto\proyecto\x64\debug\main.obj
c:\users\lesbe\source\repos\proyecto-minisuper\proyecto\proyecto\x64\debug\proyecto.ilk
c:\users\lesbe\source\repos\proyecto-minisuper\proyecto\x64\debug\proyecto.exe
c:\users\lesbe\source\repos\proyecto-minisuper\proyecto\x64\debug\proyecto.pdb
c:\users\lesbe\source\repos\proyecto-minisuper\proyecto\proyecto\x64\debug\proyecto.tlog\cl.command.1.tlog
c:\users\lesbe\source\repos\proyecto-minisuper\proyecto\proyecto\x64\debug\proyecto.tlog\cl.items.tlog
c:\users\lesbe\source\repos\proyecto-minisuper\proyecto\proyecto\x64\debug\proyecto.tlog\cl.read.1.tlog
c:\users\lesbe\source\repos\proyecto-minisuper\proyecto\proyecto\x64\debug\proyecto.tlog\cl.write.1.tlog
c:\users\lesbe\source\repos\proyecto-minisuper\proyecto\proyecto\x64\debug\proyecto.tlog\link.command.1.tlog
c:\users\lesbe\source\repos\proyecto-minisuper\proyecto\proyecto\x64\debug\proyecto.tlog\link.read.1.tlog
c:\users\lesbe\source\repos\proyecto-minisuper\proyecto\proyecto\x64\debug\proyecto.tlog\link.write.1.tlog
